
2019-12-09 06:27:15	INFO	::casa	
2019-12-09 06:27:15	INFO	::casa	Checking telemetry submission interval
2019-12-09 06:27:15	INFO	::casa	Telemetry submit interval not reached. Not submitting data.
2019-12-09 06:27:15	INFO	::casa	Next telemetry data submission in: 6 days, 0:31:23.071787
2019-12-09 06:27:15	INFO	::casa	CASA Version  5.6.0-60  
2019-12-09 06:27:20	INFO	viewer::::	
2019-12-09 06:27:20	INFO	viewer::::+	##########################################
2019-12-09 06:27:20	INFO	viewer::::+	##### Begin Task: viewer             #####
2019-12-09 06:27:20	INFO	viewer::::	viewer(infile="",displaytype="raster",channel=0,zoom=1,outfile="",
2019-12-09 06:27:20	INFO	viewer::::+	        outscale=1.0,outdpi=300,outformat="jpg",outlandscape=False,gui=True)
2019-12-09 06:27:20	INFO	viewer::::	##### End Task: viewer               #####
2019-12-09 06:27:20	INFO	viewer::::+	##########################################
2019-12-09 06:28:49	INFO	viewer::::	
2019-12-09 06:28:49	INFO	viewer::::+	##########################################
2019-12-09 06:28:49	INFO	viewer::::+	##### Begin Task: viewer             #####
2019-12-09 06:28:49	INFO	viewer::::	viewer(infile="",displaytype="raster",channel=0,zoom=1,outfile="",
2019-12-09 06:28:49	INFO	viewer::::+	        outscale=1.0,outdpi=300,outformat="jpg",outlandscape=False,gui=True)
2019-12-09 06:28:50	INFO	viewer::::	##### End Task: viewer               #####
2019-12-09 06:28:50	INFO	viewer::::+	##########################################
2019-12-09 06:30:37	INFO	viewer::::	
2019-12-09 06:30:37	INFO	viewer::::+	##########################################
2019-12-09 06:30:37	INFO	viewer::::+	##### Begin Task: viewer             #####
2019-12-09 06:30:37	INFO	viewer::::	viewer(infile="",displaytype="raster",channel=0,zoom=1,outfile="",
2019-12-09 06:30:37	INFO	viewer::::+	        outscale=1.0,outdpi=300,outformat="jpg",outlandscape=False,gui=True)
2019-12-09 06:30:37	INFO	viewer::::	##### End Task: viewer               #####
2019-12-09 06:30:37	INFO	viewer::::+	##########################################
2019-12-09 06:35:39	INFO	viewer::::	
2019-12-09 06:35:39	INFO	viewer::::+	##########################################
2019-12-09 06:35:39	INFO	viewer::::+	##### Begin Task: viewer             #####
2019-12-09 06:35:39	INFO	viewer::::	viewer(infile="",displaytype="raster",channel=0,zoom=1,outfile="",
2019-12-09 06:35:39	INFO	viewer::::+	        outscale=1.0,outdpi=300,outformat="jpg",outlandscape=False,gui=True)
2019-12-09 06:35:40	INFO	viewer::::	##### End Task: viewer               #####
2019-12-09 06:35:40	INFO	viewer::::+	##########################################
2019-12-09 06:37:50	INFO	viewer::::	
2019-12-09 06:37:50	INFO	viewer::::+	##########################################
2019-12-09 06:37:50	INFO	viewer::::+	##### Begin Task: viewer             #####
2019-12-09 06:37:50	INFO	viewer::::	viewer(infile="",displaytype="raster",channel=0,zoom=1,outfile="",
2019-12-09 06:37:50	INFO	viewer::::+	        outscale=1.0,outdpi=300,outformat="jpg",outlandscape=False,gui=True)
2019-12-09 06:37:51	INFO	viewer::::	##### End Task: viewer               #####
2019-12-09 06:37:51	INFO	viewer::::+	##########################################
2019-12-09 06:40:06	INFO	viewer::::	
2019-12-09 06:40:06	INFO	viewer::::+	##########################################
2019-12-09 06:40:06	INFO	viewer::::+	##### Begin Task: viewer             #####
2019-12-09 06:40:06	INFO	viewer::::	viewer(infile="",displaytype="raster",channel=0,zoom=1,outfile="",
2019-12-09 06:40:06	INFO	viewer::::+	        outscale=1.0,outdpi=300,outformat="jpg",outlandscape=False,gui=True)
2019-12-09 06:40:07	INFO	viewer::::	##### End Task: viewer               #####
2019-12-09 06:40:07	INFO	viewer::::+	##########################################
2019-12-09 06:42:10	INFO	viewer::::	
2019-12-09 06:42:10	INFO	viewer::::+	##########################################
2019-12-09 06:42:10	INFO	viewer::::+	##### Begin Task: viewer             #####
2019-12-09 06:42:10	INFO	viewer::::	viewer(infile="",displaytype="raster",channel=0,zoom=1,outfile="",
2019-12-09 06:42:10	INFO	viewer::::+	        outscale=1.0,outdpi=300,outformat="jpg",outlandscape=False,gui=True)
2019-12-09 06:42:11	INFO	viewer::::	##### End Task: viewer               #####
2019-12-09 06:42:11	INFO	viewer::::+	##########################################
