2019-12-08 06:58:35	INFO	::casa	
2019-12-08 06:58:35	INFO	::casa	Checking telemetry submission interval
2019-12-08 06:58:35	INFO	::casa	Telemetry submit interval reached, submitting telemetry data.
2019-12-08 06:58:38	INFO	::casa	Removed/asiaa/home/hyliu/.casa/telemetry-1e22f41081de33f389-20191208145835.tar.gz
2019-12-08 06:58:38	INFO	::casa	CASA Version  5.6.0-60  
2019-12-08 06:58:45	INFO	viewer::::	
2019-12-08 06:58:45	INFO	viewer::::+	##########################################
2019-12-08 06:58:45	INFO	viewer::::+	##### Begin Task: viewer             #####
2019-12-08 06:58:45	INFO	viewer::::	viewer(infile="",displaytype="raster",channel=0,zoom=1,outfile="",
2019-12-08 06:58:45	INFO	viewer::::+	        outscale=1.0,outdpi=300,outformat="jpg",outlandscape=False,gui=True)
2019-12-08 06:58:46	INFO	viewer::::	##### End Task: viewer               #####
2019-12-08 06:58:46	INFO	viewer::::+	##########################################
2019-12-08 09:58:22	INFO	viewer::::	
2019-12-08 09:58:22	INFO	viewer::::+	##########################################
2019-12-08 09:58:22	INFO	viewer::::+	##### Begin Task: viewer             #####
2019-12-08 09:58:22	INFO	viewer::::	viewer(infile="",displaytype="raster",channel=0,zoom=1,outfile="",
2019-12-08 09:58:22	INFO	viewer::::+	        outscale=1.0,outdpi=300,outformat="jpg",outlandscape=False,gui=True)
2019-12-08 09:58:23	INFO	viewer::::	##### End Task: viewer               #####
2019-12-08 09:58:23	INFO	viewer::::+	##########################################
2019-12-09 01:04:27	INFO	viewer::::	
2019-12-09 01:04:27	INFO	viewer::::+	##########################################
2019-12-09 01:04:27	INFO	viewer::::+	##### Begin Task: viewer             #####
2019-12-09 01:04:27	INFO	viewer::::	viewer(infile="",displaytype="raster",channel=0,zoom=1,outfile="",
2019-12-09 01:04:27	INFO	viewer::::+	        outscale=1.0,outdpi=300,outformat="jpg",outlandscape=False,gui=True)
2019-12-09 01:04:28	INFO	viewer::::	##### End Task: viewer               #####
2019-12-09 01:04:28	INFO	viewer::::+	##########################################
2019-12-09 01:05:41	INFO	viewer::::	
2019-12-09 01:05:41	INFO	viewer::::+	##########################################
2019-12-09 01:05:41	INFO	viewer::::+	##### Begin Task: viewer             #####
2019-12-09 01:05:41	INFO	viewer::::	viewer(infile="",displaytype="raster",channel=0,zoom=1,outfile="",
2019-12-09 01:05:41	INFO	viewer::::+	        outscale=1.0,outdpi=300,outformat="jpg",outlandscape=False,gui=True)
2019-12-09 01:05:42	INFO	viewer::::	##### End Task: viewer               #####
2019-12-09 01:05:42	INFO	viewer::::+	##########################################
2019-12-09 01:12:15	INFO	viewer::::	
2019-12-09 01:12:15	INFO	viewer::::+	##########################################
2019-12-09 01:12:15	INFO	viewer::::+	##### Begin Task: viewer             #####
2019-12-09 01:12:15	INFO	viewer::::	viewer(infile="",displaytype="raster",channel=0,zoom=1,outfile="",
2019-12-09 01:12:15	INFO	viewer::::+	        outscale=1.0,outdpi=300,outformat="jpg",outlandscape=False,gui=True)
2019-12-09 01:12:15	INFO	viewer::::	##### End Task: viewer               #####
2019-12-09 01:12:15	INFO	viewer::::+	##########################################
2019-12-09 01:13:59	INFO	viewer::::	
2019-12-09 01:13:59	INFO	viewer::::+	##########################################
2019-12-09 01:13:59	INFO	viewer::::+	##### Begin Task: viewer             #####
2019-12-09 01:13:59	INFO	viewer::::	viewer(infile="",displaytype="raster",channel=0,zoom=1,outfile="",
2019-12-09 01:13:59	INFO	viewer::::+	        outscale=1.0,outdpi=300,outformat="jpg",outlandscape=False,gui=True)
2019-12-09 01:13:59	INFO	viewer::::	##### End Task: viewer               #####
2019-12-09 01:13:59	INFO	viewer::::+	##########################################
2019-12-09 01:15:16	INFO	viewer::::	
2019-12-09 01:15:16	INFO	viewer::::+	##########################################
2019-12-09 01:15:16	INFO	viewer::::+	##### Begin Task: viewer             #####
2019-12-09 01:15:16	INFO	viewer::::	viewer(infile="",displaytype="raster",channel=0,zoom=1,outfile="",
2019-12-09 01:15:16	INFO	viewer::::+	        outscale=1.0,outdpi=300,outformat="jpg",outlandscape=False,gui=True)
2019-12-09 01:15:16	INFO	viewer::::	##### End Task: viewer               #####
2019-12-09 01:15:16	INFO	viewer::::+	##########################################
2019-12-09 01:16:03	INFO	viewer::::	
2019-12-09 01:16:03	INFO	viewer::::+	##########################################
2019-12-09 01:16:03	INFO	viewer::::+	##### Begin Task: viewer             #####
2019-12-09 01:16:03	INFO	viewer::::	viewer(infile="",displaytype="raster",channel=0,zoom=1,outfile="",
2019-12-09 01:16:03	INFO	viewer::::+	        outscale=1.0,outdpi=300,outformat="jpg",outlandscape=False,gui=True)
2019-12-09 01:16:03	INFO	viewer::::	##### End Task: viewer               #####
2019-12-09 01:16:03	INFO	viewer::::+	##########################################
2019-12-09 01:41:14	INFO	viewer::::	
2019-12-09 01:41:14	INFO	viewer::::+	##########################################
2019-12-09 01:41:14	INFO	viewer::::+	##### Begin Task: viewer             #####
2019-12-09 01:41:14	INFO	viewer::::	viewer(infile="",displaytype="raster",channel=0,zoom=1,outfile="",
2019-12-09 01:41:14	INFO	viewer::::+	        outscale=1.0,outdpi=300,outformat="jpg",outlandscape=False,gui=True)
2019-12-09 01:41:14	INFO	viewer::::	##### End Task: viewer               #####
2019-12-09 01:41:14	INFO	viewer::::+	##########################################
2019-12-09 02:20:07	INFO	viewer::::	
2019-12-09 02:20:07	INFO	viewer::::+	##########################################
2019-12-09 02:20:07	INFO	viewer::::+	##### Begin Task: viewer             #####
2019-12-09 02:20:07	INFO	viewer::::	viewer(infile="",displaytype="raster",channel=0,zoom=1,outfile="",
2019-12-09 02:20:07	INFO	viewer::::+	        outscale=1.0,outdpi=300,outformat="jpg",outlandscape=False,gui=True)
2019-12-09 02:20:08	INFO	viewer::::	##### End Task: viewer               #####
2019-12-09 02:20:08	INFO	viewer::::+	##########################################
2019-12-09 02:25:13	INFO	viewer::::	
2019-12-09 02:25:13	INFO	viewer::::+	##########################################
2019-12-09 02:25:13	INFO	viewer::::+	##### Begin Task: viewer             #####
2019-12-09 02:25:13	INFO	viewer::::	viewer(infile="",displaytype="raster",channel=0,zoom=1,outfile="",
2019-12-09 02:25:13	INFO	viewer::::+	        outscale=1.0,outdpi=300,outformat="jpg",outlandscape=False,gui=True)
2019-12-09 02:25:13	INFO	viewer::::	##### End Task: viewer               #####
2019-12-09 02:25:13	INFO	viewer::::+	##########################################
2019-12-09 02:51:13	INFO	viewer::::	
2019-12-09 02:51:13	INFO	viewer::::+	##########################################
2019-12-09 02:51:13	INFO	viewer::::+	##### Begin Task: viewer             #####
2019-12-09 02:51:13	INFO	viewer::::	viewer(infile="",displaytype="raster",channel=0,zoom=1,outfile="",
2019-12-09 02:51:13	INFO	viewer::::+	        outscale=1.0,outdpi=300,outformat="jpg",outlandscape=False,gui=True)
2019-12-09 02:51:14	INFO	viewer::::	##### End Task: viewer               #####
2019-12-09 02:51:14	INFO	viewer::::+	##########################################
2019-12-09 05:22:56	INFO	viewer::::	
2019-12-09 05:22:56	INFO	viewer::::+	##########################################
2019-12-09 05:22:56	INFO	viewer::::+	##### Begin Task: viewer             #####
2019-12-09 05:22:56	INFO	viewer::::	viewer(infile="",displaytype="raster",channel=0,zoom=1,outfile="",
2019-12-09 05:22:56	INFO	viewer::::+	        outscale=1.0,outdpi=300,outformat="jpg",outlandscape=False,gui=True)
2019-12-09 05:22:57	INFO	viewer::::	##### End Task: viewer               #####
2019-12-09 05:22:57	INFO	viewer::::+	##########################################
2019-12-09 05:23:01	WARN	WCCSAxisLabeller::setSpectralState (file ../../display/DisplayCanvas/WCCSAxisLabeller.cc, line 659)	Illegal spectral unit 
2019-12-09 05:23:01	WARN	WCCSAxisLabeller::setSpectralState (file ../../display/DisplayCanvas/WCCSAxisLabeller.cc, line 659)	Illegal spectral unit 
2019-12-09 05:23:01	WARN	WCCSAxisLabeller::setSpectralState (file ../../display/DisplayCanvas/WCCSAxisLabeller.cc, line 659)	Illegal spectral unit 
2019-12-09 05:23:01	WARN	WCCSAxisLabeller::setSpectralState (file ../../display/DisplayCanvas/WCCSAxisLabeller.cc, line 659)	Illegal spectral unit 
2019-12-09 05:23:01	WARN	WCCSAxisLabeller::setSpectralState (file ../../display/DisplayCanvas/WCCSAxisLabeller.cc, line 659)	Illegal spectral unit 
2019-12-09 05:23:01	WARN	WCCSAxisLabeller::setSpectralState (file ../../display/DisplayCanvas/WCCSAxisLabeller.cc, line 659)	Illegal spectral unit 
2019-12-09 05:23:08	WARN	WCCSAxisLabeller::setSpectralState (file ../../display/DisplayCanvas/WCCSAxisLabeller.cc, line 659)	Illegal spectral unit 
2019-12-09 05:23:08	WARN	WCCSAxisLabeller::setSpectralState (file ../../display/DisplayCanvas/WCCSAxisLabeller.cc, line 659)	Illegal spectral unit 
2019-12-09 05:23:08	WARN	WCCSAxisLabeller::setSpectralState (file ../../display/DisplayCanvas/WCCSAxisLabeller.cc, line 659)	Illegal spectral unit 
2019-12-09 05:30:16	INFO	viewer::::	
2019-12-09 05:30:16	INFO	viewer::::+	##########################################
2019-12-09 05:30:16	INFO	viewer::::+	##### Begin Task: viewer             #####
2019-12-09 05:30:16	INFO	viewer::::	viewer(infile="",displaytype="raster",channel=0,zoom=1,outfile="",
2019-12-09 05:30:16	INFO	viewer::::+	        outscale=1.0,outdpi=300,outformat="jpg",outlandscape=False,gui=True)
2019-12-09 05:30:16	INFO	viewer::::	##### End Task: viewer               #####
2019-12-09 05:30:16	INFO	viewer::::+	##########################################
2019-12-09 05:31:54	INFO	viewer::::	
2019-12-09 05:31:54	INFO	viewer::::+	##########################################
2019-12-09 05:31:54	INFO	viewer::::+	##### Begin Task: viewer             #####
2019-12-09 05:31:54	INFO	viewer::::	viewer(infile="",displaytype="raster",channel=0,zoom=1,outfile="",
2019-12-09 05:31:54	INFO	viewer::::+	        outscale=1.0,outdpi=300,outformat="jpg",outlandscape=False,gui=True)
2019-12-09 05:31:54	INFO	viewer::::	##### End Task: viewer               #####
2019-12-09 05:31:54	INFO	viewer::::+	##########################################
2019-12-09 05:34:27	INFO	viewer::::	
2019-12-09 05:34:27	INFO	viewer::::+	##########################################
2019-12-09 05:34:27	INFO	viewer::::+	##### Begin Task: viewer             #####
2019-12-09 05:34:27	INFO	viewer::::	viewer(infile="",displaytype="raster",channel=0,zoom=1,outfile="",
2019-12-09 05:34:27	INFO	viewer::::+	        outscale=1.0,outdpi=300,outformat="jpg",outlandscape=False,gui=True)
2019-12-09 05:34:27	INFO	viewer::::	##### End Task: viewer               #####
2019-12-09 05:34:27	INFO	viewer::::+	##########################################
2019-12-09 05:50:46	INFO	viewer::::	
2019-12-09 05:50:46	INFO	viewer::::+	##########################################
2019-12-09 05:50:46	INFO	viewer::::+	##### Begin Task: viewer             #####
2019-12-09 05:50:46	INFO	viewer::::	viewer(infile="",displaytype="raster",channel=0,zoom=1,outfile="",
2019-12-09 05:50:46	INFO	viewer::::+	        outscale=1.0,outdpi=300,outformat="jpg",outlandscape=False,gui=True)
2019-12-09 05:50:47	INFO	viewer::::	##### End Task: viewer               #####
2019-12-09 05:50:47	INFO	viewer::::+	##########################################
2019-12-09 05:53:02	INFO	viewer::::	
2019-12-09 05:53:02	INFO	viewer::::+	##########################################
2019-12-09 05:53:02	INFO	viewer::::+	##### Begin Task: viewer             #####
2019-12-09 05:53:02	INFO	viewer::::	viewer(infile="",displaytype="raster",channel=0,zoom=1,outfile="",
2019-12-09 05:53:02	INFO	viewer::::+	        outscale=1.0,outdpi=300,outformat="jpg",outlandscape=False,gui=True)
2019-12-09 05:53:02	INFO	viewer::::	##### End Task: viewer               #####
2019-12-09 05:53:02	INFO	viewer::::+	##########################################
2019-12-09 05:55:03	INFO	viewer::::	
2019-12-09 05:55:03	INFO	viewer::::+	##########################################
2019-12-09 05:55:03	INFO	viewer::::+	##### Begin Task: viewer             #####
2019-12-09 05:55:03	INFO	viewer::::	viewer(infile="",displaytype="raster",channel=0,zoom=1,outfile="",
2019-12-09 05:55:03	INFO	viewer::::+	        outscale=1.0,outdpi=300,outformat="jpg",outlandscape=False,gui=True)
2019-12-09 05:55:03	INFO	viewer::::	##### End Task: viewer               #####
2019-12-09 05:55:03	INFO	viewer::::+	##########################################
2019-12-09 05:58:27	INFO	viewer::::	
2019-12-09 05:58:27	INFO	viewer::::+	##########################################
2019-12-09 05:58:27	INFO	viewer::::+	##### Begin Task: viewer             #####
2019-12-09 05:58:27	INFO	viewer::::	viewer(infile="",displaytype="raster",channel=0,zoom=1,outfile="",
2019-12-09 05:58:27	INFO	viewer::::+	        outscale=1.0,outdpi=300,outformat="jpg",outlandscape=False,gui=True)
2019-12-09 05:58:28	INFO	viewer::::	##### End Task: viewer               #####
2019-12-09 05:58:28	INFO	viewer::::+	##########################################
2019-12-09 06:04:25	INFO	viewer::::	
2019-12-09 06:04:25	INFO	viewer::::+	##########################################
2019-12-09 06:04:25	INFO	viewer::::+	##### Begin Task: viewer             #####
2019-12-09 06:04:25	INFO	viewer::::	viewer(infile="",displaytype="raster",channel=0,zoom=1,outfile="",
2019-12-09 06:04:25	INFO	viewer::::+	        outscale=1.0,outdpi=300,outformat="jpg",outlandscape=False,gui=True)
2019-12-09 06:04:25	INFO	viewer::::	##### End Task: viewer               #####
2019-12-09 06:04:25	INFO	viewer::::+	##########################################
2019-12-09 06:18:02	INFO	viewer::::	
2019-12-09 06:18:02	INFO	viewer::::+	##########################################
2019-12-09 06:18:02	INFO	viewer::::+	##### Begin Task: viewer             #####
2019-12-09 06:18:02	INFO	viewer::::	viewer(infile="",displaytype="raster",channel=0,zoom=1,outfile="",
2019-12-09 06:18:02	INFO	viewer::::+	        outscale=1.0,outdpi=300,outformat="jpg",outlandscape=False,gui=True)
2019-12-09 06:18:02	INFO	viewer::::	##### End Task: viewer               #####
2019-12-09 06:18:02	INFO	viewer::::+	##########################################
2019-12-09 06:26:45	SEVERE	viewer::::	An error occurred running task viewer.
